<?xml version="1.0" encoding="UTF-8"?>
<testsuite xmlns:xsi="http://www.w3.org/2001/XMLSchema-instance" xsi:noNamespaceSchemaLocation="https://maven.apache.org/surefire/maven-surefire-plugin/xsd/surefire-test-report.xsd" version="3.0.1" name="org.cuatrovientos.dam.ed.EjerciciosJUnit.AppTest" time="0.017" tests="1" errors="0" skipped="0" failures="0">
  <properties>
    <property name="java.specification.version" value="17"/>
    <property name="sun.cpu.isalist" value="amd64"/>
    <property name="sun.jnu.encoding" value="Cp1252"/>
    <property name="java.class.path" value="C:\Workspaces\1DAM\PruebasUnitarias\EjerciciosJUnit\target\test-classes;C:\Workspaces\1DAM\PruebasUnitarias\EjerciciosJUnit\target\classes;C:\Users\Miguel Goyena\.m2\repository\junit\junit\3.8.1\junit-3.8.1.jar;C:\Users\Miguel Goyena\.m2\repository\org\apache\logging\log4j\log4j-api\2.24.3\log4j-api-2.24.3.jar;C:\Users\Miguel Goyena\.m2\repository\org\apache\logging\log4j\log4j-core\2.24.3\log4j-core-2.24.3.jar;C:\Users\Miguel Goyena\.m2\repository\org\apache\logging\log4j\log4j-layout-template-json\2.24.3\log4j-layout-template-json-2.24.3.jar;"/>
    <property name="java.vm.vendor" value="Eclipse Adoptium"/>
    <property name="sun.arch.data.model" value="64"/>
    <property name="user.variant" value=""/>
    <property name="java.vendor.url" value="https://adoptium.net/"/>
    <property name="user.timezone" value="Europe/Madrid"/>
    <property name="os.name" value="Windows 11"/>
    <property name="java.vm.specification.version" value="17"/>
    <property name="sun.java.launcher" value="SUN_STANDARD"/>
    <property name="user.country" value="ES"/>
    <property name="sun.boot.library.path" value="C:\Users\Miguel Goyena\.p2\pool\plugins\org.eclipse.justj.openjdk.hotspot.jre.full.win32.x86_64_17.0.9.v20231028-0858\jre\bin"/>
    <property name="sun.java.command" value="C:\Users\Miguel Goyena\AppData\Local\Temp\surefire18272382361814757419\surefirebooter-20250326131453424_3.jar C:\Users\Miguel Goyena\AppData\Local\Temp\surefire18272382361814757419 2025-03-26T13-14-53_250-jvmRun1 surefire-20250326131453424_1tmp surefire_0-20250326131453424_2tmp"/>
    <property name="jdk.debug" value="release"/>
    <property name="surefire.test.class.path" value="C:\Workspaces\1DAM\PruebasUnitarias\EjerciciosJUnit\target\test-classes;C:\Workspaces\1DAM\PruebasUnitarias\EjerciciosJUnit\target\classes;C:\Users\Miguel Goyena\.m2\repository\junit\junit\3.8.1\junit-3.8.1.jar;C:\Users\Miguel Goyena\.m2\repository\org\apache\logging\log4j\log4j-api\2.24.3\log4j-api-2.24.3.jar;C:\Users\Miguel Goyena\.m2\repository\org\apache\logging\log4j\log4j-core\2.24.3\log4j-core-2.24.3.jar;C:\Users\Miguel Goyena\.m2\repository\org\apache\logging\log4j\log4j-layout-template-json\2.24.3\log4j-layout-template-json-2.24.3.jar;"/>
    <property name="sun.cpu.endian" value="little"/>
    <property name="user.home" value="C:\Users\Miguel Goyena"/>
    <property name="user.language" value="es"/>
    <property name="java.specification.vendor" value="Oracle Corporation"/>
    <property name="java.version.date" value="2023-10-17"/>
    <property name="java.home" value="C:\Users\Miguel Goyena\.p2\pool\plugins\org.eclipse.justj.openjdk.hotspot.jre.full.win32.x86_64_17.0.9.v20231028-0858\jre"/>
    <property name="file.separator" value="\"/>
    <property name="style.color" value="always"/>
    <property name="basedir" value="C:\Workspaces\1DAM\PruebasUnitarias\EjerciciosJUnit"/>
    <property name="java.vm.compressedOopsMode" value="Zero based"/>
    <property name="line.separator" value="&#10;"/>
    <property name="java.vm.specification.vendor" value="Oracle Corporation"/>
    <property name="java.specification.name" value="Java Platform API Specification"/>
    <property name="surefire.real.class.path" value="C:\Users\Miguel Goyena\AppData\Local\Temp\surefire18272382361814757419\surefirebooter-20250326131453424_3.jar"/>
    <property name="user.script" value=""/>
    <property name="sun.management.compiler" value="HotSpot 64-Bit Tiered Compilers"/>
    <property name="java.runtime.version" value="17.0.9+9"/>
    <property name="user.name" value="Miguel Goyena"/>
    <property name="path.separator" value=";"/>
    <property name="os.version" value="10.0"/>
    <property name="java.runtime.name" value="OpenJDK Runtime Environment"/>
    <property name="file.encoding" value="Cp1252"/>
    <property name="java.vm.name" value="OpenJDK 64-Bit Server VM"/>
    <property name="java.vendor.version" value="Temurin-17.0.9+9"/>
    <property name="localRepository" value="C:\Users\Miguel Goyena\.m2\repository"/>
    <property name="java.vendor.url.bug" value="https://github.com/adoptium/adoptium-support/issues"/>
    <property name="java.io.tmpdir" value="C:\Users\MIGUEL~1\AppData\Local\Temp\"/>
    <property name="java.version" value="17.0.9"/>
    <property name="user.dir" value="C:\Workspaces\1DAM\PruebasUnitarias\EjerciciosJUnit"/>
    <property name="os.arch" value="amd64"/>
    <property name="java.vm.specification.name" value="Java Virtual Machine Specification"/>
    <property name="sun.os.patch.level" value=""/>
    <property name="native.encoding" value="Cp1252"/>
    <property name="java.library.path" value="C:\Users\Miguel Goyena\.p2\pool\plugins\org.eclipse.justj.openjdk.hotspot.jre.full.win32.x86_64_17.0.9.v20231028-0858\jre\bin;C:\Windows\Sun\Java\bin;C:\Windows\system32;C:\Windows;C:/Users/Miguel Goyena/.p2/pool/plugins/org.eclipse.justj.openjdk.hotspot.jre.full.win32.x86_64_17.0.9.v20231028-0858/jre/bin/server;C:/Users/Miguel Goyena/.p2/pool/plugins/org.eclipse.justj.openjdk.hotspot.jre.full.win32.x86_64_17.0.9.v20231028-0858/jre/bin;C:\Program Files\Common Files\Oracle\Java\javapath;C:\Python312\Scripts\;C:\Python312\;C:\Windows\system32;C:\Windows;C:\Windows\System32\Wbem;C:\Windows\System32\WindowsPowerShell\v1.0\;C:\Windows\System32\OpenSSH\;C:\Apps\Git\cmd;C:\Apps\nodejs\;C:\ProgramData\chocolatey\bin;C:\Apps\xampp\php;C:\ProgramData\ComposerSetup\bin;C:\Program Files\Docker\Docker\resources\bin;C:\Users\Miguel Goyena\Downloads\VSCode;C:\Users\Miguel Goyena\.gradle\wrapper\dists\gradle-8.7-bin\bhs2wmbdwecv87pi65oeuq5iu\gradle-8.7\bin;C:\Users\Miguel Goyena\AppData\Local\Android\Sdk\platform-tools;C:\Users\Miguel Goyena\AppData\Local\Android\Sdk\cmdline-tools\latest\bin;C:\Users\Miguel Goyena\AppData\Local\Android\Sdk\build-tools;C:\Users\Miguel Goyena\AppData\Local\Android\Sdk\emulator;C:\Program Files\dotnet\;C:\Program Files\Microsoft SQL Server\150\Tools\Binn\;C:\Program Files\Microsoft SQL Server\Client SDK\ODBC\170\Tools\Binn\;C:\Users\Miguel Goyena\scoop\shims;C:\Users\Miguel Goyena\AppData\Local\Microsoft\WindowsApps;C:\Apps\Microsoft VS Code\bin;C:\Users\Miguel Goyena\AppData\Roaming\npm;C:\Users\Miguel Goyena\AppData\Roaming\Composer\vendor\bin;C:\Users\Miguel Goyena\AppData\Local\GitHubDesktop\bin;C:\Users\Miguel Goyena\.dotnet\tools;C:\Windows;;."/>
    <property name="java.vm.info" value="mixed mode"/>
    <property name="java.vendor" value="Eclipse Adoptium"/>
    <property name="java.vm.version" value="17.0.9+9"/>
    <property name="sun.io.unicode.encoding" value="UnicodeLittle"/>
    <property name="java.class.version" value="61.0"/>
  </properties>
  <testcase name="testApp" classname="org.cuatrovientos.dam.ed.EjerciciosJUnit.AppTest" time="0.001"/>
</testsuite>